{
  "RSpec": {
    "coverage": {
      "/Users/millmer/Documents/turing/mod_2/adopt_dont_shop_paired/config/environment.rb": [
        null,
        1,
        null,
        null,
        1
      ],
      "/Users/millmer/Documents/turing/mod_2/adopt_dont_shop_paired/config/application.rb": [
        1,
        null,
        1,
        null,
        1,
        1,
        1,
        1,
        1,
        1,
        1,
        1,
        null,
        null,
        null,
        null,
        1,
        null,
        1,
        1,
        null,
        1,
        null,
        null,
        null,
        null,
        null,
        null,
        1,
        null,
        null
      ],
      "/Users/millmer/Documents/turing/mod_2/adopt_dont_shop_paired/config/boot.rb": [
        1,
        null,
        1
      ],
      "/Users/millmer/Documents/turing/mod_2/adopt_dont_shop_paired/config/environments/test.rb": [
        1,
        null,
        null,
        null,
        null,
        null,
        null,
        1,
        null,
        null,
        null,
        null,
        1,
        null,
        null,
        1,
        1,
        null,
        null,
        null,
        null,
        1,
        1,
        null,
        null,
        1,
        null,
        null,
        1,
        1,
        null,
        null,
        null,
        null,
        1,
        null,
        null,
        1,
        null,
        null,
        null,
        null
      ],
      "/Users/millmer/Documents/turing/mod_2/adopt_dont_shop_paired/config/initializers/application_controller_renderer.rb": [
        null,
        null,
        null,
        null,
        null,
        null,
        null,
        null
      ],
      "/Users/millmer/Documents/turing/mod_2/adopt_dont_shop_paired/config/initializers/assets.rb": [
        null,
        null,
        null,
        1,
        null,
        null,
        null,
        null,
        1,
        null,
        null,
        null,
        null,
        null
      ],
      "/Users/millmer/Documents/turing/mod_2/adopt_dont_shop_paired/config/initializers/backtrace_silencers.rb": [
        null,
        null,
        null,
        null,
        null,
        null,
        null
      ],
      "/Users/millmer/Documents/turing/mod_2/adopt_dont_shop_paired/config/initializers/cookies_serializer.rb": [
        null,
        null,
        null,
        null,
        1
      ],
      "/Users/millmer/Documents/turing/mod_2/adopt_dont_shop_paired/config/initializers/filter_parameter_logging.rb": [
        null,
        null,
        null,
        1
      ],
      "/Users/millmer/Documents/turing/mod_2/adopt_dont_shop_paired/config/initializers/inflections.rb": [
        null,
        null,
        null,
        null,
        null,
        null,
        null,
        null,
        null,
        null,
        null,
        null,
        null,
        null,
        null,
        null
      ],
      "/Users/millmer/Documents/turing/mod_2/adopt_dont_shop_paired/config/initializers/mime_types.rb": [
        null,
        null,
        null,
        null
      ],
      "/Users/millmer/Documents/turing/mod_2/adopt_dont_shop_paired/config/initializers/wrap_parameters.rb": [
        null,
        null,
        null,
        null,
        null,
        null,
        1,
        2,
        null,
        null,
        null,
        null,
        null,
        null
      ],
      "/Users/millmer/Documents/turing/mod_2/adopt_dont_shop_paired/config/routes.rb": [
        1,
        null,
        null,
        1,
        1,
        1,
        1,
        1,
        1,
        1,
        null,
        1,
        1,
        1,
        null,
        null,
        1,
        1,
        1,
        null,
        1,
        1,
        1,
        1,
        1,
        1,
        1,
        null,
        1,
        1,
        null,
        1,
        1,
        1,
        1,
        null,
        1,
        1,
        1,
        null,
        1,
        null,
        null,
        null,
        null
      ],
      "/Users/millmer/Documents/turing/mod_2/adopt_dont_shop_paired/app/helpers/application_helper.rb": [
        1,
        null
      ],
      "/Users/millmer/Documents/turing/mod_2/adopt_dont_shop_paired/app/helpers/welcome_helper.rb": [
        1,
        null
      ],
      "/Users/millmer/Documents/turing/mod_2/adopt_dont_shop_paired/app/models/shelter.rb": [
        1,
        1,
        1,
        1,
        null,
        1,
        2,
        4,
        1,
        null,
        null,
        2,
        null,
        null,
        1,
        0,
        0,
        null,
        null,
        null,
        1,
        0,
        0,
        null,
        null,
        null,
        1,
        2,
        null,
        null,
        1,
        2,
        4,
        null,
        2,
        null,
        null,
        null,
        null,
        null,
        null,
        null,
        null,
        null,
        null,
        null,
        null,
        null
      ],
      "/Users/millmer/Documents/turing/mod_2/adopt_dont_shop_paired/app/models/application_record.rb": [
        1,
        1,
        null
      ],
      "/Users/millmer/Documents/turing/mod_2/adopt_dont_shop_paired/app/models/pet.rb": [
        1,
        1,
        1,
        1,
        1,
        null
      ],
      "/Users/millmer/Documents/turing/mod_2/adopt_dont_shop_paired/app/models/application.rb": [
        1,
        1,
        1,
        1,
        null
      ],
      "/Users/millmer/Documents/turing/mod_2/adopt_dont_shop_paired/app/models/review.rb": [
        1,
        1,
        1,
        1,
        1,
        null
      ],
      "/Users/millmer/Documents/turing/mod_2/adopt_dont_shop_paired/app/models/application_pet.rb": [
        1,
        1,
        1,
        null
      ],
      "/Users/millmer/Documents/turing/mod_2/adopt_dont_shop_paired/app/controllers/applications_controller.rb": [
        1,
        null,
        1,
        1,
        null,
        null,
        1,
        0,
        null,
        null,
        1,
        0,
        0,
        0,
        0,
        0,
        0,
        null,
        0,
        0,
        null,
        0,
        0,
        0,
        null,
        null,
        null,
        1,
        null,
        1,
        0,
        null,
        null,
        null
      ],
      "/Users/millmer/Documents/turing/mod_2/adopt_dont_shop_paired/app/controllers/application_controller.rb": [
        1,
        1,
        null,
        1,
        null,
        1,
        5,
        null,
        null
      ],
      "/Users/millmer/Documents/turing/mod_2/adopt_dont_shop_paired/app/models/favorite.rb": [
        1,
        1,
        null,
        1,
        4,
        null,
        null,
        1,
        4,
        null,
        null,
        1,
        0,
        null,
        null,
        1,
        0,
        null,
        null,
        1,
        0,
        null,
        null
      ],
      "/Users/millmer/Documents/turing/mod_2/adopt_dont_shop_paired/app/controllers/pets_controller.rb": [
        1,
        null,
        1,
        0,
        null,
        null,
        1,
        1,
        null,
        null,
        1,
        0,
        null,
        null,
        1,
        0,
        null,
        null,
        1,
        0,
        0,
        0,
        null,
        0,
        null,
        null,
        1,
        1,
        1,
        1,
        1,
        1,
        null,
        0,
        null,
        null,
        null,
        null,
        null,
        null,
        0,
        0,
        null,
        null,
        null,
        1,
        0,
        0,
        null,
        null,
        1,
        null,
        1,
        0,
        null,
        null,
        null
      ],
      "/Users/millmer/Documents/turing/mod_2/adopt_dont_shop_paired/app/controllers/shelters_controller.rb": [
        1,
        null,
        1,
        0,
        null,
        null,
        1,
        null,
        null,
        1,
        0,
        null,
        null,
        1,
        2,
        2,
        null,
        null,
        1,
        0,
        null,
        null,
        null,
        null,
        null,
        null,
        0,
        0,
        0,
        0,
        0,
        0,
        0,
        null,
        null,
        0,
        0,
        null,
        null,
        null,
        1,
        0,
        0,
        null,
        null,
        null,
        null,
        null,
        null,
        0,
        0,
        0,
        0,
        0,
        0,
        0,
        null,
        null,
        0,
        0,
        null,
        null,
        null,
        1,
        0,
        0,
        0,
        0,
        0,
        null,
        null,
        null
      ]
    },
    "timestamp": 1590013132
  }
}
